{"/Users/jean/Library/Mobile Documents/com~apple~CloudDocs/Openclassrooms/Projet9/FrontPart/src/constants/routes.js": {"path":"/Users/jean/Library/Mobile Documents/com~apple~CloudDocs/Openclassrooms/Projet9/FrontPart/src/constants/routes.js","statementMap":{"0":{"start":{"line":6,"column":27},"end":{"line":11,"column":1}},"1":{"start":{"line":13,"column":22},"end":{"line":26,"column":1}},"2":{"start":{"line":14,"column":2},"end":{"line":25,"column":3}},"3":{"start":{"line":16,"column":6},"end":{"line":16,"column":46}},"4":{"start":{"line":18,"column":6},"end":{"line":18,"column":46}},"5":{"start":{"line":20,"column":6},"end":{"line":20,"column":24}},"6":{"start":{"line":22,"column":6},"end":{"line":22,"column":50}},"7":{"start":{"line":24,"column":6},"end":{"line":24,"column":46}}},"fnMap":{"0":{"name":"(anonymous_0)","decl":{"start":{"line":13,"column":22},"end":{"line":13,"column":23}},"loc":{"start":{"line":13,"column":62},"end":{"line":26,"column":1}},"line":13}},"branchMap":{"0":{"loc":{"start":{"line":14,"column":2},"end":{"line":25,"column":3}},"type":"switch","locations":[{"start":{"line":15,"column":4},"end":{"line":16,"column":46}},{"start":{"line":17,"column":4},"end":{"line":18,"column":46}},{"start":{"line":19,"column":4},"end":{"line":20,"column":24}},{"start":{"line":21,"column":4},"end":{"line":22,"column":50}},{"start":{"line":23,"column":4},"end":{"line":24,"column":46}}],"line":14}},"s":{"0":6,"1":6,"2":26,"3":7,"4":5,"5":1,"6":12,"7":1},"f":{"0":26},"b":{"0":[7,5,1,12,1]},"_coverageSchema":"1a1c01bbd47fc00a2c39e90264f33305004495a9","hash":"aaaace5116375ddf03054348a743d0d937acc05c"}
,"/Users/jean/Library/Mobile Documents/com~apple~CloudDocs/Openclassrooms/Projet9/FrontPart/src/constants/usersTest.js": {"path":"/Users/jean/Library/Mobile Documents/com~apple~CloudDocs/Openclassrooms/Projet9/FrontPart/src/constants/usersTest.js","statementMap":{},"fnMap":{},"branchMap":{},"s":{},"f":{},"b":{},"_coverageSchema":"1a1c01bbd47fc00a2c39e90264f33305004495a9","hash":"e5edef532d8eb1d09b06c8e181ee5ffbd6489f0b"}
,"/Users/jean/Library/Mobile Documents/com~apple~CloudDocs/Openclassrooms/Projet9/FrontPart/src/containers/Bills.js": {"path":"/Users/jean/Library/Mobile Documents/com~apple~CloudDocs/Openclassrooms/Projet9/FrontPart/src/containers/Bills.js","statementMap":{"0":{"start":{"line":7,"column":4},"end":{"line":7,"column":28}},"1":{"start":{"line":8,"column":4},"end":{"line":8,"column":32}},"2":{"start":{"line":9,"column":4},"end":{"line":9,"column":22}},"3":{"start":{"line":10,"column":26},"end":{"line":10,"column":86}},"4":{"start":{"line":11,"column":4},"end":{"line":11,"column":87}},"5":{"start":{"line":11,"column":23},"end":{"line":11,"column":87}},"6":{"start":{"line":12,"column":20},"end":{"line":12,"column":76}},"7":{"start":{"line":13,"column":4},"end":{"line":15,"column":6}},"8":{"start":{"line":13,"column":17},"end":{"line":15,"column":6}},"9":{"start":{"line":14,"column":6},"end":{"line":14,"column":73}},"10":{"start":{"line":14,"column":43},"end":{"line":14,"column":72}},"11":{"start":{"line":16,"column":4},"end":{"line":16,"column":54}},"12":{"start":{"line":19,"column":23},"end":{"line":21,"column":3}},"13":{"start":{"line":20,"column":4},"end":{"line":20,"column":43}},"14":{"start":{"line":23,"column":23},"end":{"line":28,"column":3}},"15":{"start":{"line":24,"column":20},"end":{"line":24,"column":54}},"16":{"start":{"line":25,"column":21},"end":{"line":25,"column":63}},"17":{"start":{"line":26,"column":4},"end":{"line":26,"column":168}},"18":{"start":{"line":27,"column":4},"end":{"line":27,"column":34}},"19":{"start":{"line":30,"column":13},"end":{"line":76,"column":3}},"20":{"start":{"line":31,"column":4},"end":{"line":75,"column":5}},"21":{"start":{"line":32,"column":6},"end":{"line":74,"column":8}},"22":{"start":{"line":36,"column":20},"end":{"line":54,"column":12}},"23":{"start":{"line":38,"column":12},"end":{"line":53,"column":13}},"24":{"start":{"line":39,"column":14},"end":{"line":43,"column":15}},"25":{"start":{"line":47,"column":14},"end":{"line":47,"column":38}},"26":{"start":{"line":48,"column":14},"end":{"line":52,"column":15}},"27":{"start":{"line":55,"column":10},"end":{"line":55,"column":45}},"28":{"start":{"line":73,"column":8},"end":{"line":73,"column":20}}},"fnMap":{"0":{"name":"(anonymous_0)","decl":{"start":{"line":6,"column":2},"end":{"line":6,"column":3}},"loc":{"start":{"line":6,"column":61},"end":{"line":17,"column":3}},"line":6},"1":{"name":"(anonymous_1)","decl":{"start":{"line":13,"column":33},"end":{"line":13,"column":34}},"loc":{"start":{"line":13,"column":41},"end":{"line":15,"column":5}},"line":13},"2":{"name":"(anonymous_2)","decl":{"start":{"line":14,"column":37},"end":{"line":14,"column":38}},"loc":{"start":{"line":14,"column":43},"end":{"line":14,"column":72}},"line":14},"3":{"name":"(anonymous_3)","decl":{"start":{"line":19,"column":23},"end":{"line":19,"column":24}},"loc":{"start":{"line":19,"column":29},"end":{"line":21,"column":3}},"line":19},"4":{"name":"(anonymous_4)","decl":{"start":{"line":23,"column":23},"end":{"line":23,"column":24}},"loc":{"start":{"line":23,"column":33},"end":{"line":28,"column":3}},"line":23},"5":{"name":"(anonymous_5)","decl":{"start":{"line":30,"column":13},"end":{"line":30,"column":14}},"loc":{"start":{"line":30,"column":19},"end":{"line":76,"column":3}},"line":30},"6":{"name":"(anonymous_6)","decl":{"start":{"line":35,"column":12},"end":{"line":35,"column":13}},"loc":{"start":{"line":35,"column":24},"end":{"line":74,"column":7}},"line":35},"7":{"name":"(anonymous_7)","decl":{"start":{"line":37,"column":15},"end":{"line":37,"column":16}},"loc":{"start":{"line":37,"column":22},"end":{"line":54,"column":11}},"line":37}},"branchMap":{"0":{"loc":{"start":{"line":11,"column":4},"end":{"line":11,"column":87}},"type":"if","locations":[{"start":{"line":11,"column":4},"end":{"line":11,"column":87}},{"start":{"line":11,"column":4},"end":{"line":11,"column":87}}],"line":11},"1":{"loc":{"start":{"line":13,"column":4},"end":{"line":15,"column":6}},"type":"if","locations":[{"start":{"line":13,"column":4},"end":{"line":15,"column":6}},{"start":{"line":13,"column":4},"end":{"line":15,"column":6}}],"line":13},"2":{"loc":{"start":{"line":31,"column":4},"end":{"line":75,"column":5}},"type":"if","locations":[{"start":{"line":31,"column":4},"end":{"line":75,"column":5}},{"start":{"line":31,"column":4},"end":{"line":75,"column":5}}],"line":31}},"s":{"0":1,"1":1,"2":1,"3":1,"4":1,"5":0,"6":1,"7":1,"8":1,"9":0,"10":0,"11":1,"12":1,"13":0,"14":1,"15":0,"16":0,"17":0,"18":0,"19":1,"20":1,"21":1,"22":0,"23":0,"24":0,"25":0,"26":0,"27":0,"28":0},"f":{"0":1,"1":0,"2":0,"3":0,"4":0,"5":1,"6":0,"7":0},"b":{"0":[0,1],"1":[1,0],"2":[1,0]},"_coverageSchema":"1a1c01bbd47fc00a2c39e90264f33305004495a9","hash":"df12f0113577f47beae907820c8858364353648a"}
,"/Users/jean/Library/Mobile Documents/com~apple~CloudDocs/Openclassrooms/Projet9/FrontPart/src/containers/Dashboard.js": {"path":"/Users/jean/Library/Mobile Documents/com~apple~CloudDocs/Openclassrooms/Projet9/FrontPart/src/containers/Dashboard.js","statementMap":{"0":{"start":{"line":15,"column":29},"end":{"line":35,"column":1}},"1":{"start":{"line":16,"column":2},"end":{"line":34,"column":11}},"2":{"start":{"line":21,"column":6},"end":{"line":31,"column":7}},"3":{"start":{"line":22,"column":8},"end":{"line":22,"column":50}},"4":{"start":{"line":33,"column":6},"end":{"line":33,"column":28}},"5":{"start":{"line":41,"column":20},"end":{"line":64,"column":1}},"6":{"start":{"line":42,"column":28},"end":{"line":42,"column":52}},"7":{"start":{"line":43,"column":20},"end":{"line":44,"column":40}},"8":{"start":{"line":45,"column":19},"end":{"line":46,"column":53}},"9":{"start":{"line":48,"column":2},"end":{"line":63,"column":4}},"10":{"start":{"line":68,"column":21},"end":{"line":70,"column":1}},"11":{"start":{"line":69,"column":2},"end":{"line":69,"column":76}},"12":{"start":{"line":69,"column":51},"end":{"line":69,"column":61}},"13":{"start":{"line":73,"column":25},"end":{"line":82,"column":1}},"14":{"start":{"line":74,"column":2},"end":{"line":81,"column":3}},"15":{"start":{"line":76,"column":6},"end":{"line":76,"column":22}},"16":{"start":{"line":78,"column":6},"end":{"line":78,"column":23}},"17":{"start":{"line":80,"column":6},"end":{"line":80,"column":22}},"18":{"start":{"line":89,"column":4},"end":{"line":89,"column":28}},"19":{"start":{"line":90,"column":4},"end":{"line":90,"column":32}},"20":{"start":{"line":91,"column":4},"end":{"line":91,"column":22}},"21":{"start":{"line":92,"column":4},"end":{"line":92,"column":71}},"22":{"start":{"line":92,"column":35},"end":{"line":92,"column":70}},"23":{"start":{"line":93,"column":4},"end":{"line":93,"column":71}},"24":{"start":{"line":93,"column":35},"end":{"line":93,"column":70}},"25":{"start":{"line":94,"column":4},"end":{"line":94,"column":71}},"26":{"start":{"line":94,"column":35},"end":{"line":94,"column":70}},"27":{"start":{"line":95,"column":4},"end":{"line":95,"column":44}},"28":{"start":{"line":98,"column":23},"end":{"line":104,"column":3}},"29":{"start":{"line":100,"column":20},"end":{"line":100,"column":58}},"30":{"start":{"line":101,"column":21},"end":{"line":101,"column":69}},"31":{"start":{"line":102,"column":4},"end":{"line":102,"column":144}},"32":{"start":{"line":103,"column":4},"end":{"line":103,"column":96}},"33":{"start":{"line":103,"column":60},"end":{"line":103,"column":96}},"34":{"start":{"line":107,"column":4},"end":{"line":107,"column":75}},"35":{"start":{"line":107,"column":59},"end":{"line":107,"column":75}},"36":{"start":{"line":108,"column":4},"end":{"line":108,"column":71}},"37":{"start":{"line":108,"column":54},"end":{"line":108,"column":71}},"38":{"start":{"line":109,"column":4},"end":{"line":125,"column":5}},"39":{"start":{"line":110,"column":6},"end":{"line":112,"column":8}},"40":{"start":{"line":111,"column":8},"end":{"line":111,"column":61}},"41":{"start":{"line":113,"column":6},"end":{"line":113,"column":62}},"42":{"start":{"line":114,"column":6},"end":{"line":114,"column":69}},"43":{"start":{"line":115,"column":6},"end":{"line":115,"column":52}},"44":{"start":{"line":116,"column":6},"end":{"line":116,"column":21}},"45":{"start":{"line":118,"column":6},"end":{"line":118,"column":62}},"46":{"start":{"line":120,"column":6},"end":{"line":122,"column":8}},"47":{"start":{"line":123,"column":6},"end":{"line":123,"column":52}},"48":{"start":{"line":124,"column":6},"end":{"line":124,"column":21}},"49":{"start":{"line":126,"column":4},"end":{"line":126,"column":52}},"50":{"start":{"line":127,"column":4},"end":{"line":127,"column":72}},"51":{"start":{"line":127,"column":39},"end":{"line":127,"column":71}},"52":{"start":{"line":128,"column":4},"end":{"line":128,"column":72}},"53":{"start":{"line":128,"column":39},"end":{"line":128,"column":71}},"54":{"start":{"line":131,"column":23},"end":{"line":139,"column":3}},"55":{"start":{"line":132,"column":20},"end":{"line":136,"column":5}},"56":{"start":{"line":137,"column":4},"end":{"line":137,"column":28}},"57":{"start":{"line":138,"column":4},"end":{"line":138,"column":45}},"58":{"start":{"line":141,"column":23},"end":{"line":149,"column":3}},"59":{"start":{"line":142,"column":20},"end":{"line":146,"column":5}},"60":{"start":{"line":147,"column":4},"end":{"line":147,"column":28}},"61":{"start":{"line":148,"column":4},"end":{"line":148,"column":45}},"62":{"start":{"line":152,"column":4},"end":{"line":152,"column":76}},"63":{"start":{"line":152,"column":60},"end":{"line":152,"column":76}},"64":{"start":{"line":153,"column":4},"end":{"line":153,"column":76}},"65":{"start":{"line":153,"column":58},"end":{"line":153,"column":76}},"66":{"start":{"line":154,"column":4},"end":{"line":164,"column":5}},"67":{"start":{"line":155,"column":6},"end":{"line":155,"column":69}},"68":{"start":{"line":156,"column":6},"end":{"line":157,"column":65}},"69":{"start":{"line":158,"column":6},"end":{"line":158,"column":21}},"70":{"start":{"line":160,"column":6},"end":{"line":160,"column":70}},"71":{"start":{"line":161,"column":6},"end":{"line":162,"column":17}},"72":{"start":{"line":163,"column":6},"end":{"line":163,"column":21}},"73":{"start":{"line":166,"column":4},"end":{"line":168,"column":5}},"74":{"start":{"line":167,"column":6},"end":{"line":167,"column":45}},"75":{"start":{"line":170,"column":4},"end":{"line":172,"column":6}},"76":{"start":{"line":171,"column":6},"end":{"line":171,"column":83}},"77":{"start":{"line":171,"column":45},"end":{"line":171,"column":82}},"78":{"start":{"line":174,"column":4},"end":{"line":174,"column":16}},"79":{"start":{"line":180,"column":21},"end":{"line":199,"column":3}},"80":{"start":{"line":181,"column":4},"end":{"line":198,"column":5}},"81":{"start":{"line":182,"column":6},"end":{"line":197,"column":8}},"82":{"start":{"line":186,"column":22},"end":{"line":192,"column":11}},"83":{"start":{"line":187,"column":21},"end":{"line":192,"column":9}},"84":{"start":{"line":193,"column":8},"end":{"line":193,"column":20}},"85":{"start":{"line":196,"column":8},"end":{"line":196,"column":20}}},"fnMap":{"0":{"name":"(anonymous_0)","decl":{"start":{"line":15,"column":29},"end":{"line":15,"column":30}},"loc":{"start":{"line":15,"column":47},"end":{"line":35,"column":1}},"line":15},"1":{"name":"(anonymous_1)","decl":{"start":{"line":17,"column":16},"end":{"line":17,"column":17}},"loc":{"start":{"line":17,"column":24},"end":{"line":34,"column":5}},"line":17},"2":{"name":"(anonymous_2)","decl":{"start":{"line":41,"column":20},"end":{"line":41,"column":21}},"loc":{"start":{"line":41,"column":30},"end":{"line":64,"column":1}},"line":41},"3":{"name":"(anonymous_3)","decl":{"start":{"line":68,"column":21},"end":{"line":68,"column":22}},"loc":{"start":{"line":68,"column":32},"end":{"line":70,"column":1}},"line":68},"4":{"name":"(anonymous_4)","decl":{"start":{"line":69,"column":43},"end":{"line":69,"column":44}},"loc":{"start":{"line":69,"column":51},"end":{"line":69,"column":61}},"line":69},"5":{"name":"(anonymous_5)","decl":{"start":{"line":73,"column":25},"end":{"line":73,"column":26}},"loc":{"start":{"line":73,"column":36},"end":{"line":82,"column":1}},"line":73},"6":{"name":"(anonymous_6)","decl":{"start":{"line":88,"column":2},"end":{"line":88,"column":3}},"loc":{"start":{"line":88,"column":68},"end":{"line":96,"column":3}},"line":88},"7":{"name":"(anonymous_7)","decl":{"start":{"line":92,"column":28},"end":{"line":92,"column":29}},"loc":{"start":{"line":92,"column":35},"end":{"line":92,"column":70}},"line":92},"8":{"name":"(anonymous_8)","decl":{"start":{"line":93,"column":28},"end":{"line":93,"column":29}},"loc":{"start":{"line":93,"column":35},"end":{"line":93,"column":70}},"line":93},"9":{"name":"(anonymous_9)","decl":{"start":{"line":94,"column":28},"end":{"line":94,"column":29}},"loc":{"start":{"line":94,"column":35},"end":{"line":94,"column":70}},"line":94},"10":{"name":"(anonymous_10)","decl":{"start":{"line":98,"column":23},"end":{"line":98,"column":24}},"loc":{"start":{"line":98,"column":29},"end":{"line":104,"column":3}},"line":98},"11":{"name":"(anonymous_11)","decl":{"start":{"line":106,"column":2},"end":{"line":106,"column":3}},"loc":{"start":{"line":106,"column":35},"end":{"line":129,"column":3}},"line":106},"12":{"name":"(anonymous_12)","decl":{"start":{"line":110,"column":20},"end":{"line":110,"column":21}},"loc":{"start":{"line":110,"column":25},"end":{"line":112,"column":7}},"line":110},"13":{"name":"(anonymous_13)","decl":{"start":{"line":127,"column":32},"end":{"line":127,"column":33}},"loc":{"start":{"line":127,"column":39},"end":{"line":127,"column":71}},"line":127},"14":{"name":"(anonymous_14)","decl":{"start":{"line":128,"column":32},"end":{"line":128,"column":33}},"loc":{"start":{"line":128,"column":39},"end":{"line":128,"column":71}},"line":128},"15":{"name":"(anonymous_15)","decl":{"start":{"line":131,"column":23},"end":{"line":131,"column":24}},"loc":{"start":{"line":131,"column":36},"end":{"line":139,"column":3}},"line":131},"16":{"name":"(anonymous_16)","decl":{"start":{"line":141,"column":23},"end":{"line":141,"column":24}},"loc":{"start":{"line":141,"column":36},"end":{"line":149,"column":3}},"line":141},"17":{"name":"(anonymous_17)","decl":{"start":{"line":151,"column":2},"end":{"line":151,"column":3}},"loc":{"start":{"line":151,"column":37},"end":{"line":176,"column":3}},"line":151},"18":{"name":"(anonymous_18)","decl":{"start":{"line":166,"column":18},"end":{"line":166,"column":19}},"loc":{"start":{"line":166,"column":26},"end":{"line":168,"column":3}},"line":166},"19":{"name":"(anonymous_19)","decl":{"start":{"line":170,"column":18},"end":{"line":170,"column":19}},"loc":{"start":{"line":170,"column":26},"end":{"line":172,"column":5}},"line":170},"20":{"name":"(anonymous_20)","decl":{"start":{"line":171,"column":38},"end":{"line":171,"column":39}},"loc":{"start":{"line":171,"column":45},"end":{"line":171,"column":82}},"line":171},"21":{"name":"(anonymous_21)","decl":{"start":{"line":180,"column":21},"end":{"line":180,"column":22}},"loc":{"start":{"line":180,"column":27},"end":{"line":199,"column":3}},"line":180},"22":{"name":"(anonymous_22)","decl":{"start":{"line":185,"column":12},"end":{"line":185,"column":13}},"loc":{"start":{"line":185,"column":24},"end":{"line":194,"column":7}},"line":185},"23":{"name":"(anonymous_23)","decl":{"start":{"line":187,"column":13},"end":{"line":187,"column":14}},"loc":{"start":{"line":187,"column":21},"end":{"line":192,"column":9}},"line":187},"24":{"name":"(anonymous_24)","decl":{"start":{"line":195,"column":13},"end":{"line":195,"column":14}},"loc":{"start":{"line":195,"column":22},"end":{"line":197,"column":7}},"line":195}},"branchMap":{"0":{"loc":{"start":{"line":16,"column":9},"end":{"line":34,"column":11}},"type":"cond-expr","locations":[{"start":{"line":17,"column":4},"end":{"line":34,"column":6}},{"start":{"line":34,"column":9},"end":{"line":34,"column":11}}],"line":16},"1":{"loc":{"start":{"line":16,"column":10},"end":{"line":16,"column":29}},"type":"binary-expr","locations":[{"start":{"line":16,"column":10},"end":{"line":16,"column":14}},{"start":{"line":16,"column":18},"end":{"line":16,"column":29}}],"line":16},"2":{"loc":{"start":{"line":21,"column":6},"end":{"line":31,"column":7}},"type":"if","locations":[{"start":{"line":21,"column":6},"end":{"line":31,"column":7}},{"start":{"line":21,"column":6},"end":{"line":31,"column":7}}],"line":21},"3":{"loc":{"start":{"line":43,"column":20},"end":{"line":44,"column":40}},"type":"cond-expr","locations":[{"start":{"line":44,"column":4},"end":{"line":44,"column":35}},{"start":{"line":44,"column":38},"end":{"line":44,"column":40}}],"line":43},"4":{"loc":{"start":{"line":45,"column":19},"end":{"line":46,"column":53}},"type":"cond-expr","locations":[{"start":{"line":46,"column":2},"end":{"line":46,"column":33}},{"start":{"line":46,"column":36},"end":{"line":46,"column":53}}],"line":45},"5":{"loc":{"start":{"line":69,"column":9},"end":{"line":69,"column":76}},"type":"cond-expr","locations":[{"start":{"line":69,"column":33},"end":{"line":69,"column":71}},{"start":{"line":69,"column":74},"end":{"line":69,"column":76}}],"line":69},"6":{"loc":{"start":{"line":69,"column":9},"end":{"line":69,"column":30}},"type":"binary-expr","locations":[{"start":{"line":69,"column":9},"end":{"line":69,"column":14}},{"start":{"line":69,"column":18},"end":{"line":69,"column":30}}],"line":69},"7":{"loc":{"start":{"line":74,"column":2},"end":{"line":81,"column":3}},"type":"switch","locations":[{"start":{"line":75,"column":4},"end":{"line":76,"column":22}},{"start":{"line":77,"column":4},"end":{"line":78,"column":23}},{"start":{"line":79,"column":4},"end":{"line":80,"column":22}}],"line":74},"8":{"loc":{"start":{"line":103,"column":4},"end":{"line":103,"column":96}},"type":"if","locations":[{"start":{"line":103,"column":4},"end":{"line":103,"column":96}},{"start":{"line":103,"column":4},"end":{"line":103,"column":96}}],"line":103},"9":{"loc":{"start":{"line":107,"column":4},"end":{"line":107,"column":75}},"type":"if","locations":[{"start":{"line":107,"column":4},"end":{"line":107,"column":75}},{"start":{"line":107,"column":4},"end":{"line":107,"column":75}}],"line":107},"10":{"loc":{"start":{"line":107,"column":8},"end":{"line":107,"column":57}},"type":"binary-expr","locations":[{"start":{"line":107,"column":8},"end":{"line":107,"column":34}},{"start":{"line":107,"column":38},"end":{"line":107,"column":57}}],"line":107},"11":{"loc":{"start":{"line":108,"column":4},"end":{"line":108,"column":71}},"type":"if","locations":[{"start":{"line":108,"column":4},"end":{"line":108,"column":71}},{"start":{"line":108,"column":4},"end":{"line":108,"column":71}}],"line":108},"12":{"loc":{"start":{"line":108,"column":8},"end":{"line":108,"column":52}},"type":"binary-expr","locations":[{"start":{"line":108,"column":8},"end":{"line":108,"column":29}},{"start":{"line":108,"column":33},"end":{"line":108,"column":52}}],"line":108},"13":{"loc":{"start":{"line":109,"column":4},"end":{"line":125,"column":5}},"type":"if","locations":[{"start":{"line":109,"column":4},"end":{"line":125,"column":5}},{"start":{"line":109,"column":4},"end":{"line":125,"column":5}}],"line":109},"14":{"loc":{"start":{"line":152,"column":4},"end":{"line":152,"column":76}},"type":"if","locations":[{"start":{"line":152,"column":4},"end":{"line":152,"column":76}},{"start":{"line":152,"column":4},"end":{"line":152,"column":76}}],"line":152},"15":{"loc":{"start":{"line":152,"column":8},"end":{"line":152,"column":58}},"type":"binary-expr","locations":[{"start":{"line":152,"column":8},"end":{"line":152,"column":34}},{"start":{"line":152,"column":38},"end":{"line":152,"column":58}}],"line":152},"16":{"loc":{"start":{"line":153,"column":4},"end":{"line":153,"column":76}},"type":"if","locations":[{"start":{"line":153,"column":4},"end":{"line":153,"column":76}},{"start":{"line":153,"column":4},"end":{"line":153,"column":76}}],"line":153},"17":{"loc":{"start":{"line":153,"column":8},"end":{"line":153,"column":56}},"type":"binary-expr","locations":[{"start":{"line":153,"column":8},"end":{"line":153,"column":32}},{"start":{"line":153,"column":36},"end":{"line":153,"column":56}}],"line":153},"18":{"loc":{"start":{"line":154,"column":4},"end":{"line":164,"column":5}},"type":"if","locations":[{"start":{"line":154,"column":4},"end":{"line":164,"column":5}},{"start":{"line":154,"column":4},"end":{"line":164,"column":5}}],"line":154},"19":{"loc":{"start":{"line":181,"column":4},"end":{"line":198,"column":5}},"type":"if","locations":[{"start":{"line":181,"column":4},"end":{"line":198,"column":5}},{"start":{"line":181,"column":4},"end":{"line":198,"column":5}}],"line":181}},"s":{"0":6,"1":44,"2":104,"3":104,"4":104,"5":6,"6":6,"7":6,"8":6,"9":6,"10":6,"11":6,"12":6,"13":6,"14":5,"15":3,"16":1,"17":1,"18":14,"19":14,"20":14,"21":14,"22":0,"23":14,"24":0,"25":14,"26":0,"27":14,"28":14,"29":1,"30":1,"31":1,"32":1,"33":0,"34":3,"35":2,"36":3,"37":2,"38":3,"39":2,"40":8,"41":2,"42":2,"43":2,"44":2,"45":1,"46":1,"47":1,"48":1,"49":3,"50":3,"51":0,"52":3,"53":0,"54":14,"55":1,"56":1,"57":1,"58":14,"59":1,"60":1,"61":1,"62":5,"63":5,"64":5,"65":5,"66":5,"67":5,"68":5,"69":5,"70":0,"71":0,"72":0,"73":5,"74":20,"75":5,"76":20,"77":3,"78":5,"79":14,"80":5,"81":5,"82":3,"83":12,"84":3,"85":2},"f":{"0":44,"1":104,"2":6,"3":6,"4":6,"5":5,"6":14,"7":0,"8":0,"9":0,"10":1,"11":3,"12":8,"13":0,"14":0,"15":1,"16":1,"17":5,"18":20,"19":20,"20":3,"21":5,"22":3,"23":12,"24":2},"b":{"0":[26,18],"1":[44,26],"2":[104,0],"3":[0,6],"4":[0,6],"5":[5,1],"6":[6,6],"7":[3,1,1],"8":[0,1],"9":[2,1],"10":[3,3],"11":[2,1],"12":[3,1],"13":[2,1],"14":[5,0],"15":[5,2],"16":[5,0],"17":[5,2],"18":[5,0],"19":[5,0]},"_coverageSchema":"1a1c01bbd47fc00a2c39e90264f33305004495a9","hash":"a754d083adcbb258ccb75f86167bd355379c7111"}
,"/Users/jean/Library/Mobile Documents/com~apple~CloudDocs/Openclassrooms/Projet9/FrontPart/src/containers/Login.js": {"path":"/Users/jean/Library/Mobile Documents/com~apple~CloudDocs/Openclassrooms/Projet9/FrontPart/src/containers/Login.js","statementMap":{"0":{"start":{"line":3,"column":31},"end":{"line":3,"column":33}},"1":{"start":{"line":8,"column":4},"end":{"line":8,"column":28}},"2":{"start":{"line":9,"column":4},"end":{"line":9,"column":36}},"3":{"start":{"line":10,"column":4},"end":{"line":10,"column":32}},"4":{"start":{"line":11,"column":4},"end":{"line":11,"column":46}},"5":{"start":{"line":12,"column":4},"end":{"line":12,"column":22}},"6":{"start":{"line":13,"column":25},"end":{"line":13,"column":89}},"7":{"start":{"line":14,"column":4},"end":{"line":14,"column":70}},"8":{"start":{"line":15,"column":22},"end":{"line":15,"column":83}},"9":{"start":{"line":16,"column":4},"end":{"line":16,"column":64}},"10":{"start":{"line":18,"column":25},"end":{"line":38,"column":3}},"11":{"start":{"line":19,"column":4},"end":{"line":19,"column":22}},"12":{"start":{"line":20,"column":17},"end":{"line":25,"column":5}},"13":{"start":{"line":26,"column":4},"end":{"line":26,"column":59}},"14":{"start":{"line":27,"column":4},"end":{"line":36,"column":8}},"15":{"start":{"line":29,"column":17},"end":{"line":29,"column":38}},"16":{"start":{"line":32,"column":8},"end":{"line":32,"column":45}},"17":{"start":{"line":33,"column":8},"end":{"line":33,"column":53}},"18":{"start":{"line":34,"column":8},"end":{"line":34,"column":50}},"19":{"start":{"line":35,"column":8},"end":{"line":35,"column":55}},"20":{"start":{"line":40,"column":22},"end":{"line":59,"column":3}},"21":{"start":{"line":41,"column":4},"end":{"line":41,"column":22}},"22":{"start":{"line":42,"column":17},"end":{"line":47,"column":5}},"23":{"start":{"line":48,"column":4},"end":{"line":48,"column":59}},"24":{"start":{"line":49,"column":4},"end":{"line":58,"column":8}},"25":{"start":{"line":51,"column":17},"end":{"line":51,"column":38}},"26":{"start":{"line":54,"column":8},"end":{"line":54,"column":49}},"27":{"start":{"line":55,"column":8},"end":{"line":55,"column":57}},"28":{"start":{"line":56,"column":8},"end":{"line":56,"column":50}},"29":{"start":{"line":57,"column":8},"end":{"line":57,"column":50}},"30":{"start":{"line":62,"column":10},"end":{"line":74,"column":3}},"31":{"start":{"line":63,"column":4},"end":{"line":73,"column":5}},"32":{"start":{"line":64,"column":6},"end":{"line":70,"column":8}},"33":{"start":{"line":69,"column":8},"end":{"line":69,"column":40}},"34":{"start":{"line":72,"column":6},"end":{"line":72,"column":17}},"35":{"start":{"line":77,"column":15},"end":{"line":94,"column":3}},"36":{"start":{"line":78,"column":4},"end":{"line":93,"column":5}},"37":{"start":{"line":79,"column":6},"end":{"line":90,"column":8}},"38":{"start":{"line":88,"column":8},"end":{"line":88,"column":57}},"39":{"start":{"line":89,"column":8},"end":{"line":89,"column":31}},"40":{"start":{"line":92,"column":6},"end":{"line":92,"column":17}}},"fnMap":{"0":{"name":"(anonymous_0)","decl":{"start":{"line":7,"column":2},"end":{"line":7,"column":3}},"loc":{"start":{"line":7,"column":80},"end":{"line":17,"column":3}},"line":7},"1":{"name":"(anonymous_1)","decl":{"start":{"line":18,"column":25},"end":{"line":18,"column":26}},"loc":{"start":{"line":18,"column":30},"end":{"line":38,"column":3}},"line":18},"2":{"name":"(anonymous_2)","decl":{"start":{"line":29,"column":8},"end":{"line":29,"column":9}},"loc":{"start":{"line":29,"column":17},"end":{"line":29,"column":38}},"line":29},"3":{"name":"(anonymous_3)","decl":{"start":{"line":31,"column":12},"end":{"line":31,"column":13}},"loc":{"start":{"line":31,"column":18},"end":{"line":36,"column":7}},"line":31},"4":{"name":"(anonymous_4)","decl":{"start":{"line":40,"column":22},"end":{"line":40,"column":23}},"loc":{"start":{"line":40,"column":27},"end":{"line":59,"column":3}},"line":40},"5":{"name":"(anonymous_5)","decl":{"start":{"line":51,"column":8},"end":{"line":51,"column":9}},"loc":{"start":{"line":51,"column":17},"end":{"line":51,"column":38}},"line":51},"6":{"name":"(anonymous_6)","decl":{"start":{"line":53,"column":12},"end":{"line":53,"column":13}},"loc":{"start":{"line":53,"column":18},"end":{"line":58,"column":7}},"line":53},"7":{"name":"(anonymous_7)","decl":{"start":{"line":62,"column":10},"end":{"line":62,"column":11}},"loc":{"start":{"line":62,"column":20},"end":{"line":74,"column":3}},"line":62},"8":{"name":"(anonymous_8)","decl":{"start":{"line":68,"column":15},"end":{"line":68,"column":16}},"loc":{"start":{"line":68,"column":26},"end":{"line":70,"column":7}},"line":68},"9":{"name":"(anonymous_9)","decl":{"start":{"line":77,"column":15},"end":{"line":77,"column":16}},"loc":{"start":{"line":77,"column":25},"end":{"line":94,"column":3}},"line":77},"10":{"name":"(anonymous_10)","decl":{"start":{"line":87,"column":12},"end":{"line":87,"column":13}},"loc":{"start":{"line":87,"column":18},"end":{"line":90,"column":7}},"line":87}},"branchMap":{"0":{"loc":{"start":{"line":63,"column":4},"end":{"line":73,"column":5}},"type":"if","locations":[{"start":{"line":63,"column":4},"end":{"line":73,"column":5}},{"start":{"line":63,"column":4},"end":{"line":73,"column":5}}],"line":63},"1":{"loc":{"start":{"line":78,"column":4},"end":{"line":93,"column":5}},"type":"if","locations":[{"start":{"line":78,"column":4},"end":{"line":93,"column":5}},{"start":{"line":78,"column":4},"end":{"line":93,"column":5}}],"line":78}},"s":{"0":3,"1":4,"2":4,"3":4,"4":4,"5":4,"6":4,"7":4,"8":4,"9":4,"10":4,"11":2,"12":2,"13":2,"14":2,"15":0,"16":2,"17":2,"18":2,"19":2,"20":4,"21":2,"22":2,"23":2,"24":2,"25":0,"26":2,"27":2,"28":2,"29":2,"30":4,"31":0,"32":0,"33":0,"34":0,"35":4,"36":0,"37":0,"38":0,"39":0,"40":0},"f":{"0":4,"1":2,"2":0,"3":2,"4":2,"5":0,"6":2,"7":0,"8":0,"9":0,"10":0},"b":{"0":[0,0],"1":[0,0]},"_coverageSchema":"1a1c01bbd47fc00a2c39e90264f33305004495a9","hash":"5c5665da13413d400b0afc4e0c1c1b434addb5cc"}
,"/Users/jean/Library/Mobile Documents/com~apple~CloudDocs/Openclassrooms/Projet9/FrontPart/src/containers/Logout.js": {"path":"/Users/jean/Library/Mobile Documents/com~apple~CloudDocs/Openclassrooms/Projet9/FrontPart/src/containers/Logout.js","statementMap":{"0":{"start":{"line":5,"column":4},"end":{"line":5,"column":28}},"1":{"start":{"line":6,"column":4},"end":{"line":6,"column":32}},"2":{"start":{"line":7,"column":4},"end":{"line":7,"column":36}},"3":{"start":{"line":8,"column":4},"end":{"line":8,"column":51}},"4":{"start":{"line":11,"column":16},"end":{"line":14,"column":3}},"5":{"start":{"line":12,"column":4},"end":{"line":12,"column":29}},"6":{"start":{"line":13,"column":4},"end":{"line":13,"column":41}}},"fnMap":{"0":{"name":"(anonymous_0)","decl":{"start":{"line":4,"column":2},"end":{"line":4,"column":3}},"loc":{"start":{"line":4,"column":54},"end":{"line":9,"column":3}},"line":4},"1":{"name":"(anonymous_1)","decl":{"start":{"line":11,"column":16},"end":{"line":11,"column":17}},"loc":{"start":{"line":11,"column":23},"end":{"line":14,"column":3}},"line":11}},"branchMap":{},"s":{"0":16,"1":16,"2":16,"3":16,"4":16,"5":2,"6":2},"f":{"0":16,"1":2},"b":{},"_coverageSchema":"1a1c01bbd47fc00a2c39e90264f33305004495a9","hash":"072b48a9909ce3838df0f83609bdd9aae3754d68"}
,"/Users/jean/Library/Mobile Documents/com~apple~CloudDocs/Openclassrooms/Projet9/FrontPart/src/containers/NewBill.js": {"path":"/Users/jean/Library/Mobile Documents/com~apple~CloudDocs/Openclassrooms/Projet9/FrontPart/src/containers/NewBill.js","statementMap":{"0":{"start":{"line":6,"column":4},"end":{"line":6,"column":28}},"1":{"start":{"line":7,"column":4},"end":{"line":7,"column":32}},"2":{"start":{"line":8,"column":4},"end":{"line":8,"column":22}},"3":{"start":{"line":9,"column":24},"end":{"line":9,"column":88}},"4":{"start":{"line":10,"column":4},"end":{"line":10,"column":61}},"5":{"start":{"line":11,"column":17},"end":{"line":11,"column":73}},"6":{"start":{"line":12,"column":4},"end":{"line":12,"column":58}},"7":{"start":{"line":13,"column":4},"end":{"line":13,"column":23}},"8":{"start":{"line":14,"column":4},"end":{"line":14,"column":24}},"9":{"start":{"line":15,"column":4},"end":{"line":15,"column":22}},"10":{"start":{"line":16,"column":4},"end":{"line":16,"column":54}},"11":{"start":{"line":18,"column":21},"end":{"line":43,"column":3}},"12":{"start":{"line":19,"column":4},"end":{"line":19,"column":22}},"13":{"start":{"line":20,"column":17},"end":{"line":20,"column":82}},"14":{"start":{"line":21,"column":21},"end":{"line":21,"column":48}},"15":{"start":{"line":22,"column":21},"end":{"line":22,"column":48}},"16":{"start":{"line":24,"column":21},"end":{"line":24,"column":35}},"17":{"start":{"line":25,"column":18},"end":{"line":25,"column":64}},"18":{"start":{"line":26,"column":4},"end":{"line":26,"column":33}},"19":{"start":{"line":27,"column":4},"end":{"line":27,"column":35}},"20":{"start":{"line":29,"column":4},"end":{"line":42,"column":45}},"21":{"start":{"line":38,"column":8},"end":{"line":38,"column":28}},"22":{"start":{"line":39,"column":8},"end":{"line":39,"column":25}},"23":{"start":{"line":40,"column":8},"end":{"line":40,"column":30}},"24":{"start":{"line":41,"column":8},"end":{"line":41,"column":32}},"25":{"start":{"line":42,"column":24},"end":{"line":42,"column":44}},"26":{"start":{"line":44,"column":17},"end":{"line":63,"column":3}},"27":{"start":{"line":45,"column":4},"end":{"line":45,"column":22}},"28":{"start":{"line":46,"column":4},"end":{"line":46,"column":147}},"29":{"start":{"line":47,"column":18},"end":{"line":47,"column":64}},"30":{"start":{"line":48,"column":17},"end":{"line":60,"column":5}},"31":{"start":{"line":61,"column":4},"end":{"line":61,"column":25}},"32":{"start":{"line":62,"column":4},"end":{"line":62,"column":41}},"33":{"start":{"line":66,"column":15},"end":{"line":76,"column":3}},"34":{"start":{"line":67,"column":4},"end":{"line":75,"column":5}},"35":{"start":{"line":68,"column":6},"end":{"line":74,"column":43}},"36":{"start":{"line":72,"column":8},"end":{"line":72,"column":45}},"37":{"start":{"line":74,"column":22},"end":{"line":74,"column":42}}},"fnMap":{"0":{"name":"(anonymous_0)","decl":{"start":{"line":5,"column":2},"end":{"line":5,"column":3}},"loc":{"start":{"line":5,"column":61},"end":{"line":17,"column":3}},"line":5},"1":{"name":"(anonymous_1)","decl":{"start":{"line":18,"column":21},"end":{"line":18,"column":22}},"loc":{"start":{"line":18,"column":26},"end":{"line":43,"column":3}},"line":18},"2":{"name":"(anonymous_2)","decl":{"start":{"line":37,"column":12},"end":{"line":37,"column":13}},"loc":{"start":{"line":37,"column":32},"end":{"line":42,"column":7}},"line":37},"3":{"name":"(anonymous_3)","decl":{"start":{"line":42,"column":15},"end":{"line":42,"column":16}},"loc":{"start":{"line":42,"column":24},"end":{"line":42,"column":44}},"line":42},"4":{"name":"(anonymous_4)","decl":{"start":{"line":44,"column":17},"end":{"line":44,"column":18}},"loc":{"start":{"line":44,"column":22},"end":{"line":63,"column":3}},"line":44},"5":{"name":"(anonymous_5)","decl":{"start":{"line":66,"column":15},"end":{"line":66,"column":16}},"loc":{"start":{"line":66,"column":25},"end":{"line":76,"column":3}},"line":66},"6":{"name":"(anonymous_6)","decl":{"start":{"line":71,"column":12},"end":{"line":71,"column":13}},"loc":{"start":{"line":71,"column":18},"end":{"line":73,"column":7}},"line":71},"7":{"name":"(anonymous_7)","decl":{"start":{"line":74,"column":13},"end":{"line":74,"column":14}},"loc":{"start":{"line":74,"column":22},"end":{"line":74,"column":42}},"line":74}},"branchMap":{"0":{"loc":{"start":{"line":55,"column":11},"end":{"line":55,"column":83}},"type":"binary-expr","locations":[{"start":{"line":55,"column":11},"end":{"line":55,"column":77}},{"start":{"line":55,"column":81},"end":{"line":55,"column":83}}],"line":55},"1":{"loc":{"start":{"line":67,"column":4},"end":{"line":75,"column":5}},"type":"if","locations":[{"start":{"line":67,"column":4},"end":{"line":75,"column":5}},{"start":{"line":67,"column":4},"end":{"line":75,"column":5}}],"line":67}},"s":{"0":0,"1":0,"2":0,"3":0,"4":0,"5":0,"6":0,"7":0,"8":0,"9":0,"10":0,"11":0,"12":0,"13":0,"14":0,"15":0,"16":0,"17":0,"18":0,"19":0,"20":0,"21":0,"22":0,"23":0,"24":0,"25":0,"26":0,"27":0,"28":0,"29":0,"30":0,"31":0,"32":0,"33":0,"34":0,"35":0,"36":0,"37":0},"f":{"0":0,"1":0,"2":0,"3":0,"4":0,"5":0,"6":0,"7":0},"b":{"0":[0,0],"1":[0,0]},"_coverageSchema":"1a1c01bbd47fc00a2c39e90264f33305004495a9","hash":"e45041a7d7c18b175bd285975f0b1be8544d9e94"}
,"/Users/jean/Library/Mobile Documents/com~apple~CloudDocs/Openclassrooms/Projet9/FrontPart/src/views/Actions.js": {"path":"/Users/jean/Library/Mobile Documents/com~apple~CloudDocs/Openclassrooms/Projet9/FrontPart/src/views/Actions.js","statementMap":{"0":{"start":{"line":5,"column":2},"end":{"line":11,"column":3}}},"fnMap":{"0":{"name":"(anonymous_0)","decl":{"start":{"line":4,"column":15},"end":{"line":4,"column":16}},"loc":{"start":{"line":4,"column":28},"end":{"line":12,"column":1}},"line":4}},"branchMap":{},"s":{"0":6},"f":{"0":6},"b":{},"_coverageSchema":"1a1c01bbd47fc00a2c39e90264f33305004495a9","hash":"7969f708a3a3cc8612a7efe8d44f1cfa576c3a53"}
,"/Users/jean/Library/Mobile Documents/com~apple~CloudDocs/Openclassrooms/Projet9/FrontPart/src/views/BillsUI.js": {"path":"/Users/jean/Library/Mobile Documents/com~apple~CloudDocs/Openclassrooms/Projet9/FrontPart/src/views/BillsUI.js","statementMap":{"0":{"start":{"line":7,"column":12},"end":{"line":21,"column":3}},"1":{"start":{"line":9,"column":2},"end":{"line":20,"column":6}},"2":{"start":{"line":23,"column":13},"end":{"line":40,"column":1}},"3":{"start":{"line":24,"column":0},"end":{"line":39,"column":81}},"4":{"start":{"line":25,"column":19},"end":{"line":36,"column":4}},"5":{"start":{"line":28,"column":16},"end":{"line":28,"column":32}},"6":{"start":{"line":29,"column":14},"end":{"line":29,"column":30}},"7":{"start":{"line":31,"column":4},"end":{"line":36,"column":1}},"8":{"start":{"line":32,"column":8},"end":{"line":32,"column":17}},"9":{"start":{"line":34,"column":8},"end":{"line":34,"column":18}},"10":{"start":{"line":37,"column":2},"end":{"line":37,"column":86}},"11":{"start":{"line":37,"column":62},"end":{"line":37,"column":71}},"12":{"start":{"line":39,"column":8},"end":{"line":39,"column":80}},"13":{"start":{"line":39,"column":56},"end":{"line":39,"column":65}},"14":{"start":{"line":44,"column":16},"end":{"line":59,"column":4}},"15":{"start":{"line":44,"column":23},"end":{"line":59,"column":3}},"16":{"start":{"line":61,"column":2},"end":{"line":65,"column":3}},"17":{"start":{"line":62,"column":4},"end":{"line":62,"column":24}},"18":{"start":{"line":63,"column":9},"end":{"line":65,"column":3}},"19":{"start":{"line":64,"column":4},"end":{"line":64,"column":27}},"20":{"start":{"line":67,"column":2},"end":{"line":95,"column":3}}},"fnMap":{"0":{"name":"(anonymous_0)","decl":{"start":{"line":7,"column":12},"end":{"line":7,"column":13}},"loc":{"start":{"line":7,"column":22},"end":{"line":21,"column":3}},"line":7},"1":{"name":"(anonymous_1)","decl":{"start":{"line":23,"column":13},"end":{"line":23,"column":14}},"loc":{"start":{"line":23,"column":23},"end":{"line":40,"column":1}},"line":23},"2":{"name":"(anonymous_2)","decl":{"start":{"line":25,"column":29},"end":{"line":25,"column":30}},"loc":{"start":{"line":25,"column":44},"end":{"line":36,"column":3}},"line":25},"3":{"name":"(anonymous_3)","decl":{"start":{"line":37,"column":54},"end":{"line":37,"column":55}},"loc":{"start":{"line":37,"column":62},"end":{"line":37,"column":71}},"line":37},"4":{"name":"(anonymous_4)","decl":{"start":{"line":39,"column":48},"end":{"line":39,"column":49}},"loc":{"start":{"line":39,"column":56},"end":{"line":39,"column":65}},"line":39},"5":{"name":"(anonymous_5)","decl":{"start":{"line":42,"column":15},"end":{"line":42,"column":16}},"loc":{"start":{"line":42,"column":52},"end":{"line":96,"column":1}},"line":42},"6":{"name":"(anonymous_6)","decl":{"start":{"line":44,"column":16},"end":{"line":44,"column":17}},"loc":{"start":{"line":44,"column":23},"end":{"line":59,"column":3}},"line":44}},"branchMap":{"0":{"loc":{"start":{"line":24,"column":0},"end":{"line":39,"column":81}},"type":"if","locations":[{"start":{"line":24,"column":0},"end":{"line":39,"column":81}},{"start":{"line":24,"column":0},"end":{"line":39,"column":81}}],"line":24},"1":{"loc":{"start":{"line":31,"column":4},"end":{"line":36,"column":1}},"type":"if","locations":[{"start":{"line":31,"column":4},"end":{"line":36,"column":1}},{"start":{"line":31,"column":4},"end":{"line":36,"column":1}}],"line":31},"2":{"loc":{"start":{"line":37,"column":9},"end":{"line":37,"column":86}},"type":"cond-expr","locations":[{"start":{"line":37,"column":39},"end":{"line":37,"column":81}},{"start":{"line":37,"column":84},"end":{"line":37,"column":86}}],"line":37},"3":{"loc":{"start":{"line":37,"column":10},"end":{"line":37,"column":35}},"type":"binary-expr","locations":[{"start":{"line":37,"column":10},"end":{"line":37,"column":20}},{"start":{"line":37,"column":24},"end":{"line":37,"column":35}}],"line":37},"4":{"loc":{"start":{"line":39,"column":15},"end":{"line":39,"column":80}},"type":"cond-expr","locations":[{"start":{"line":39,"column":39},"end":{"line":39,"column":75}},{"start":{"line":39,"column":78},"end":{"line":39,"column":80}}],"line":39},"5":{"loc":{"start":{"line":39,"column":16},"end":{"line":39,"column":35}},"type":"binary-expr","locations":[{"start":{"line":39,"column":16},"end":{"line":39,"column":20}},{"start":{"line":39,"column":24},"end":{"line":39,"column":35}}],"line":39},"6":{"loc":{"start":{"line":61,"column":2},"end":{"line":65,"column":3}},"type":"if","locations":[{"start":{"line":61,"column":2},"end":{"line":65,"column":3}},{"start":{"line":61,"column":2},"end":{"line":65,"column":3}}],"line":61},"7":{"loc":{"start":{"line":63,"column":9},"end":{"line":65,"column":3}},"type":"if","locations":[{"start":{"line":63,"column":9},"end":{"line":65,"column":3}},{"start":{"line":63,"column":9},"end":{"line":65,"column":3}}],"line":63}},"s":{"0":6,"1":4,"2":6,"3":4,"4":2,"5":6,"6":6,"7":6,"8":3,"9":3,"10":2,"11":4,"12":2,"13":0,"14":6,"15":4,"16":6,"17":1,"18":5,"19":1,"20":4},"f":{"0":4,"1":4,"2":6,"3":4,"4":0,"5":6,"6":4},"b":{"0":[2,2],"1":[3,3],"2":[1,1],"3":[2,2],"4":[0,2],"5":[2,0],"6":[1,5],"7":[1,4]},"_coverageSchema":"1a1c01bbd47fc00a2c39e90264f33305004495a9","hash":"4eea3667a904f8862a60277b5d89a1b7a622b549"}
,"/Users/jean/Library/Mobile Documents/com~apple~CloudDocs/Openclassrooms/Projet9/FrontPart/src/views/DashboardFormUI.js": {"path":"/Users/jean/Library/Mobile Documents/com~apple~CloudDocs/Openclassrooms/Projet9/FrontPart/src/views/DashboardFormUI.js","statementMap":{"0":{"start":{"line":7,"column":21},"end":{"line":22,"column":4}},"1":{"start":{"line":7,"column":28},"end":{"line":22,"column":3}},"2":{"start":{"line":26,"column":2},"end":{"line":101,"column":4}}},"fnMap":{"0":{"name":"(anonymous_0)","decl":{"start":{"line":7,"column":21},"end":{"line":7,"column":22}},"loc":{"start":{"line":7,"column":28},"end":{"line":22,"column":3}},"line":7},"1":{"name":"(anonymous_1)","decl":{"start":{"line":24,"column":15},"end":{"line":24,"column":16}},"loc":{"start":{"line":24,"column":25},"end":{"line":102,"column":1}},"line":24}},"branchMap":{"0":{"loc":{"start":{"line":79,"column":9},"end":{"line":89,"column":9}},"type":"cond-expr","locations":[{"start":{"line":79,"column":38},"end":{"line":84,"column":8}},{"start":{"line":84,"column":13},"end":{"line":89,"column":8}}],"line":79},"1":{"loc":{"start":{"line":92,"column":8},"end":{"line":97,"column":13}},"type":"cond-expr","locations":[{"start":{"line":92,"column":37},"end":{"line":97,"column":7}},{"start":{"line":97,"column":11},"end":{"line":97,"column":13}}],"line":92}},"s":{"0":7,"1":9,"2":9},"f":{"0":9,"1":9},"b":{"0":[6,3],"1":[6,3]},"_coverageSchema":"1a1c01bbd47fc00a2c39e90264f33305004495a9","hash":"e357638d1cd20d514c671c98e3b9c631d5e7ae04"}
,"/Users/jean/Library/Mobile Documents/com~apple~CloudDocs/Openclassrooms/Projet9/FrontPart/src/views/DashboardUI.js": {"path":"/Users/jean/Library/Mobile Documents/com~apple~CloudDocs/Openclassrooms/Projet9/FrontPart/src/views/DashboardUI.js","statementMap":{"0":{"start":{"line":10,"column":2},"end":{"line":14,"column":3}},"1":{"start":{"line":11,"column":4},"end":{"line":11,"column":24}},"2":{"start":{"line":12,"column":9},"end":{"line":14,"column":3}},"3":{"start":{"line":13,"column":4},"end":{"line":13,"column":27}},"4":{"start":{"line":16,"column":2},"end":{"line":48,"column":3}}},"fnMap":{"0":{"name":"(anonymous_0)","decl":{"start":{"line":8,"column":15},"end":{"line":8,"column":16}},"loc":{"start":{"line":8,"column":45},"end":{"line":49,"column":1}},"line":8}},"branchMap":{"0":{"loc":{"start":{"line":10,"column":2},"end":{"line":14,"column":3}},"type":"if","locations":[{"start":{"line":10,"column":2},"end":{"line":14,"column":3}},{"start":{"line":10,"column":2},"end":{"line":14,"column":3}}],"line":10},"1":{"loc":{"start":{"line":12,"column":9},"end":{"line":14,"column":3}},"type":"if","locations":[{"start":{"line":12,"column":9},"end":{"line":14,"column":3}},{"start":{"line":12,"column":9},"end":{"line":14,"column":3}}],"line":12},"2":{"loc":{"start":{"line":22,"column":45},"end":{"line":22,"column":63}},"type":"binary-expr","locations":[{"start":{"line":22,"column":45},"end":{"line":22,"column":49}},{"start":{"line":22,"column":53},"end":{"line":22,"column":63}}],"line":22},"3":{"loc":{"start":{"line":29,"column":43},"end":{"line":29,"column":61}},"type":"binary-expr","locations":[{"start":{"line":29,"column":43},"end":{"line":29,"column":47}},{"start":{"line":29,"column":51},"end":{"line":29,"column":61}}],"line":29},"4":{"loc":{"start":{"line":36,"column":43},"end":{"line":36,"column":61}},"type":"binary-expr","locations":[{"start":{"line":36,"column":43},"end":{"line":36,"column":47}},{"start":{"line":36,"column":51},"end":{"line":36,"column":61}}],"line":36}},"s":{"0":21,"1":6,"2":15,"3":3,"4":12},"f":{"0":21},"b":{"0":[6,15],"1":[3,12],"2":[12,7],"3":[12,7],"4":[12,7]},"_coverageSchema":"1a1c01bbd47fc00a2c39e90264f33305004495a9","hash":"6a72c724604ca66148fb343c907cdb73138ff9a9"}
,"/Users/jean/Library/Mobile Documents/com~apple~CloudDocs/Openclassrooms/Projet9/FrontPart/src/views/ErrorPage.js": {"path":"/Users/jean/Library/Mobile Documents/com~apple~CloudDocs/Openclassrooms/Projet9/FrontPart/src/views/ErrorPage.js","statementMap":{"0":{"start":{"line":4,"column":2},"end":{"line":15,"column":3}}},"fnMap":{"0":{"name":"(anonymous_0)","decl":{"start":{"line":3,"column":15},"end":{"line":3,"column":16}},"loc":{"start":{"line":3,"column":26},"end":{"line":16,"column":1}},"line":3}},"branchMap":{"0":{"loc":{"start":{"line":12,"column":12},"end":{"line":12,"column":30}},"type":"cond-expr","locations":[{"start":{"line":12,"column":20},"end":{"line":12,"column":25}},{"start":{"line":12,"column":28},"end":{"line":12,"column":30}}],"line":12}},"s":{"0":6},"f":{"0":6},"b":{"0":[5,1]},"_coverageSchema":"1a1c01bbd47fc00a2c39e90264f33305004495a9","hash":"1572c69e4ee497cda74b557b928e1370080be232"}
,"/Users/jean/Library/Mobile Documents/com~apple~CloudDocs/Openclassrooms/Projet9/FrontPart/src/views/LoadingPage.js": {"path":"/Users/jean/Library/Mobile Documents/com~apple~CloudDocs/Openclassrooms/Projet9/FrontPart/src/views/LoadingPage.js","statementMap":{"0":{"start":{"line":5,"column":2},"end":{"line":12,"column":3}}},"fnMap":{"0":{"name":"(anonymous_0)","decl":{"start":{"line":3,"column":15},"end":{"line":3,"column":16}},"loc":{"start":{"line":3,"column":21},"end":{"line":13,"column":1}},"line":3}},"branchMap":{},"s":{"0":8},"f":{"0":8},"b":{},"_coverageSchema":"1a1c01bbd47fc00a2c39e90264f33305004495a9","hash":"74e0c5ddab3a1be27288d619df90c9dd2de0f2ac"}
,"/Users/jean/Library/Mobile Documents/com~apple~CloudDocs/Openclassrooms/Projet9/FrontPart/src/views/LoginUI.js": {"path":"/Users/jean/Library/Mobile Documents/com~apple~CloudDocs/Openclassrooms/Projet9/FrontPart/src/views/LoginUI.js","statementMap":{"0":{"start":{"line":4,"column":2},"end":{"line":46,"column":4}}},"fnMap":{"0":{"name":"(anonymous_0)","decl":{"start":{"line":2,"column":15},"end":{"line":2,"column":16}},"loc":{"start":{"line":2,"column":21},"end":{"line":47,"column":1}},"line":2}},"branchMap":{},"s":{"0":14},"f":{"0":14},"b":{},"_coverageSchema":"1a1c01bbd47fc00a2c39e90264f33305004495a9","hash":"96532d62ed51f3f675ba16181856ab5f9aa040e5"}
,"/Users/jean/Library/Mobile Documents/com~apple~CloudDocs/Openclassrooms/Projet9/FrontPart/src/views/NewBillUI.js": {"path":"/Users/jean/Library/Mobile Documents/com~apple~CloudDocs/Openclassrooms/Projet9/FrontPart/src/views/NewBillUI.js","statementMap":{"0":{"start":{"line":5,"column":2},"end":{"line":73,"column":4}}},"fnMap":{"0":{"name":"(anonymous_0)","decl":{"start":{"line":3,"column":15},"end":{"line":3,"column":16}},"loc":{"start":{"line":3,"column":21},"end":{"line":74,"column":1}},"line":3}},"branchMap":{},"s":{"0":2},"f":{"0":2},"b":{},"_coverageSchema":"1a1c01bbd47fc00a2c39e90264f33305004495a9","hash":"f236ca1a29760d967a2c1576bab67b7b98b672b1"}
,"/Users/jean/Library/Mobile Documents/com~apple~CloudDocs/Openclassrooms/Projet9/FrontPart/src/views/VerticalLayout.js": {"path":"/Users/jean/Library/Mobile Documents/com~apple~CloudDocs/Openclassrooms/Projet9/FrontPart/src/views/VerticalLayout.js","statementMap":{"0":{"start":{"line":7,"column":4},"end":{"line":7,"column":51}},"1":{"start":{"line":8,"column":4},"end":{"line":10,"column":5}},"2":{"start":{"line":9,"column":6},"end":{"line":9,"column":29}},"3":{"start":{"line":11,"column":4},"end":{"line":39,"column":5}},"4":{"start":{"line":12,"column":6},"end":{"line":27,"column":7}},"5":{"start":{"line":29,"column":6},"end":{"line":38,"column":7}}},"fnMap":{"0":{"name":"(anonymous_0)","decl":{"start":{"line":5,"column":15},"end":{"line":5,"column":16}},"loc":{"start":{"line":5,"column":27},"end":{"line":40,"column":1}},"line":5}},"branchMap":{"0":{"loc":{"start":{"line":8,"column":4},"end":{"line":10,"column":5}},"type":"if","locations":[{"start":{"line":8,"column":4},"end":{"line":10,"column":5}},{"start":{"line":8,"column":4},"end":{"line":10,"column":5}}],"line":8},"1":{"loc":{"start":{"line":11,"column":4},"end":{"line":39,"column":5}},"type":"if","locations":[{"start":{"line":11,"column":4},"end":{"line":39,"column":5}},{"start":{"line":11,"column":4},"end":{"line":39,"column":5}}],"line":11},"2":{"loc":{"start":{"line":11,"column":8},"end":{"line":11,"column":40}},"type":"binary-expr","locations":[{"start":{"line":11,"column":8},"end":{"line":11,"column":12}},{"start":{"line":11,"column":16},"end":{"line":11,"column":40}}],"line":11}},"s":{"0":33,"1":33,"2":20,"3":33,"4":4,"5":29},"f":{"0":33},"b":{"0":[20,13],"1":[4,29],"2":[33,20]},"_coverageSchema":"1a1c01bbd47fc00a2c39e90264f33305004495a9","hash":"6f52dae58a48c9fb3e8e9cae64a42f22374396b7"}
}
